INFO [2025-06-12 18:26:40] $x
INFO [2025-06-12 18:26:40] venn_input
INFO [2025-06-12 18:26:40] 
INFO [2025-06-12 18:26:40] $filename
INFO [2025-06-12 18:26:40] NULL
INFO [2025-06-12 18:26:40] 
INFO [2025-06-12 18:26:40] $fill
INFO [2025-06-12 18:26:40] rep(color, 4)
INFO [2025-06-12 18:26:40] 
INFO [2025-06-12 18:26:40] $alpha
INFO [2025-06-12 18:26:40] [1] 0.5
INFO [2025-06-12 18:26:40] 
INFO [2025-06-12 18:26:40] $cex
INFO [2025-06-12 18:26:40] [1] 0.9
INFO [2025-06-12 18:26:40] 
INFO [2025-06-12 18:26:40] $cat.cex
INFO [2025-06-12 18:26:40] [1] 0.9
INFO [2025-06-12 18:26:40] 
INFO [2025-06-12 18:26:40] $cat.fontface
INFO [2025-06-12 18:26:40] [1] "bold"
INFO [2025-06-12 18:26:40] 
INFO [2025-06-12 18:26:40] $margin
INFO [2025-06-12 18:26:40] [1] 0.5
INFO [2025-06-12 18:26:40] 
